2023-12-14T13:30:44+00:00 CRITICAL Uncaught Error: Call to a member function get_model() on null in D:\Xampp\htdocs\wordpress\wp-content\themes\astra\inc\compatibility\class-astra-elementor.php:532
Stack trace:
#0 D:\Xampp\htdocs\wordpress\wp-includes\class-wp-hook.php(324): Elementor\Astra_Elementor->elementor_add_scripts('')
#1 D:\Xampp\htdocs\wordpress\wp-includes\class-wp-hook.php(348): WP_Hook->apply_filters(NULL, Array)
#2 D:\Xampp\htdocs\wordpress\wp-includes\plugin.php(517): WP_Hook->do_action(Array)
#3 D:\Xampp\htdocs\wordpress\wp-content\plugins\elementor\includes\editor.php(477): do_action('elementor/edito...')
#4 D:\Xampp\htdocs\wordpress\wp-includes\class-wp-hook.php(324): Elementor\Editor->enqueue_scripts('')
#5 D:\Xampp\htdocs\wordpress\wp-includes\class-wp-hook.php(348): WP_Hook->apply_filters('', Array)
#6 D:\Xampp\htdocs\wordpress\wp-includes\plugin.php(517): WP_Hook->do_action(Array)
#7 D:\Xampp\htdocs\wordpress\wp-includes\script-loader.php(2262): do_action('wp_enqueue_scri...')
#8 D:\Xampp\htdocs\wordpress\wp-includes\class-wp-hook.php(324): wp_enqueue_scripts('')
#9 D:\Xampp\htdocs\wordpress\wp-includes\class-wp-hook.php(348): WP_Hook->apply_filters('', Array)
#10 D:\Xampp\htdocs\wordpress\wp-includes\plugin.php(517): WP_Hook->do_action(Array)
#11 D:\Xampp\htdocs\wordpress\wp-includes\general-template.php(3052): do_action('wp_head')
#12 D:\Xampp\htdocs\wordpress\wp-content\plugins\elementor\includes\editor-templates\editor-wrapper.php(32): wp_head()
#13 D:\Xampp\htdocs\wordpress\wp-content\plugins\elementor\includes\editor.php(308): include('D:\\Xampp\\htdocs...')
#14 D:\Xampp\htdocs\wordpress\wp-content\plugins\elementor\includes\editor.php(145): Elementor\Editor->print_editor_template()
#15 D:\Xampp\htdocs\wordpress\wp-includes\class-wp-hook.php(324): Elementor\Editor->init('')
#16 D:\Xampp\htdocs\wordpress\wp-includes\class-wp-hook.php(348): WP_Hook->apply_filters('', Array)
#17 D:\Xampp\htdocs\wordpress\wp-includes\plugin.php(517): WP_Hook->do_action(Array)
#18 D:\Xampp\htdocs\wordpress\wp-admin\admin.php(419): do_action('admin_action_el...')
#19 D:\Xampp\htdocs\wordpress\wp-admin\post.php(12): require_once('D:\\Xampp\\htdocs...')
#20 {main}
  thrown in D:\Xampp\htdocs\wordpress\wp-content\themes\astra\inc\compatibility\class-astra-elementor.php on line 532

